0x16000:  0x16000 0x16068

0xc024:  0xc030 0xc024

0x1002e:  0x10047

0xc030:  0xc191 0xc09a 0xc153

0x12037:  0x0

0x8038:  0x8041 0x7e27

0x403b:  0x4063

0xa040:  0xa046

0x8041:  0x8100 0x7e27

0xa046:  0x9bb2 0xa485

0x10047:  0x1002e 0x1004f

0x1004f:  0xfd8e

0x4063:  0x4092

0x16068:  0x160ba 0x15f0b 0x15f6f

0xa070:  0xa0c2 0x9b82

0x6090:  0x0 0x21ff60

0x4092:  0x40d7

0x12090:  0x0

0x10098:  0xfff0 0xfea9

0xc09a:  0xc0db

0x80a3:  0x80c0 0x7e27

0x160ba:  0x15f7a 0x160cd

0x80c0:  0x7e27

0xa0c2:  0x9b82

0x160cd:  0x15f0b 0x15f04

0x40d7:  0x0 0x5699 0x4f23 0x48c6 0x4f09

0xc0db:  0xbb72

0x60e0:  0x60f0 0x610d

0xa0ea:  0x9b1c

0x60f0:  0x60f0 0x610d

0xe100:  0xe1f0 0xe231 0xe178 0xe1fa 0xe27b

0x8100:  0x8120 0x7e27

0x16100:  0x16130 0x16109

0x16109:  0x16100

0x610d:  0x0

0x8120:  0x7fa0 0x7e27

0x16130:  0x15f61 0x160cd

0xc153:  0xc0db

0x12160:  0x133a0 0x0

0x816c:  0x7e27

0xa177:  0xa6be 0x9b5e

0xe178:  0xe196

0x6190:  0x61d7

0xc191:  0xc09a

0x16191:  0x15ea8

0xe196:  0xe1f0 0xe1fa

0x161a0:  0x161bc 0x16204 0x16207

0x161bc:  0x161e0 0x16204

0xc1c0:  0xc200

0x61d7:  0x0 0x6237

0x161e0:  0x0

0xa1e6:  0xa468 0xa240 0x9c7e

0xe1f0:  0xe1fa

0xe1fa:  0x0

0xc200:  0xc210 0xc24b

0x16204:  0x16207

0x16207:  0x21fd08

0x1020b:  0x10212

0x10212:  0x1021b 0x102dd

0xc210:  0xc24b 0xc226

0x1021b:  0x10231 0x1020b

0x16220:  0x3c10 0x1623a

0xc226:  0xc200 0xc210 0xc24b

0xe231:  0xe23a

0x10231:  0x10260

0x6237:  0x62dc 0x625f

0xe23a:  0xe1f0 0xe178

0x1623a:  0x3c10

0xa240:  0xa275

0xc24b:  0x0

0x10251:  0x10260 0x10212

0x625f:  0x6266 0x628e

0x10260:  0x10360 0x10251 0x10212 0x102d8 0x1020b

0x16260:  0x162b2 0x1626a

0x6266:  0x6273 0x625f

0x1626a:  0x21ff30

0x6273:  0x6266 0x628e 0x625f

0xa275:  0xa468 0x9c7e

0xe27b:  0xe23a

0x628e:  0x0

0xa29d:  0xa2c3 0xa2ce

0x162b2:  0x0

0xc2c0:  0xc3ad 0xc357

0xa2c3:  0xa2ce

0xa2ce:  0xa55a 0xa2e4

0x102d8:  0x102dd

0x62dc:  0x641b 0x6476 0x630e

0x102dd:  0x10330 0x0 0x1021b 0x102dd

0xa2e4:  0xa4a0 0x9b9f

0x630e:  0x6330 0x6342

0xa31b:  0xa381 0xa3bd

0x6330:  0x6330 0x6342

0x10330:  0x102d8 0x10349 0x10354

0x16340:  0x3d70

0x6342:  0x6390 0x63a3 0x6476 0x63fc 0x63be

0xc347:  0xc398 0xc357

0x10349:  0x10354 0x102dd

0xe350:  0xe378 0xe3b3 0xe3ec

0x10354:  0x10330 0x102dd

0xc357:  0xc347 0xc398 0xc3ad 0xc357

0x10360:  0x102dd

0xe378:  0xe393 0xe3a6

0xa381:  0xa39b

0x6390:  0x6390 0x63a3

0xe393:  0xe393 0xe3a6

0xc398:  0xc3ad

0xa39b:  0xa39b 0xa3bd

0x63a3:  0x63be

0xe3a6:  0xe378 0xe3b3

0xc3ad:  0x0

0xe3b3:  0xe3c0 0xe3ec

0xa3bd:  0xa3d0 0xa3e2

0x63be:  0x63fc

0xe3c0:  0xe3d0 0xe3e1

0xe3d0:  0xe3d0 0xe3e1

0xa3d0:  0xa3d0 0xa3e2

0x103e0:  0x0

0xe3e1:  0xe3c0 0xe3ec

0xa3e2:  0x9b13

0xc3e0:  0xc406

0xe3ec:  0xe400 0xe411

0x63fc:  0x0

0xe400:  0xe400 0xe411

0xc406:  0x21ff20

0xe411:  0x3e70

0x641b:  0x6490 0x630e

0xe430:  0xe4a8 0xe469

0x10432:  0x10450

0x10450:  0x10460 0x10484

0x10460:  0x3b80 0x10484 0x10460

0xa468:  0x9c7e

0xe469:  0xe5b0 0xe4a8

0x6476:  0x641b

0xa478:  0x9f48 0xa485

0x14480:  0x14480 0x14493 0x144bb

0x10484:  0x103e0 0x10450

0xa485:  0x9bc7

0x6490:  0x21feb8

0x14493:  0x0

0xa4a0:  0xa6a8 0x9f11 0xa816

0xe4a8:  0xe4c6 0xe65f

0x144bb:  0x14480

0xe4c6:  0xe5b0 0xe669 0xe5b2

0x144e0:  0x0 0x144ee

0x144ee:  0x14500 0x144e0 0x1453b

0x14500:  0x0

0x1453b:  0x145b8 0x1457a 0x145ab 0x14595

0xa540:  0x9bc7

0x10548:  0x10558 0x1057d

0x10558:  0x10558 0x1057d 0x105af

0xa55a:  0x9f25

0x6570:  0x65a0

0x1457a:  0x144e0

0x1057d:  0x10548 0x105af

0x14595:  0x1457a 0x145ab

0x65a0:  0x65c0 0x65e9

0x145ab:  0x145b8

0x105af:  0x10432

0xe5b0:  0xe5b2

0xe5b2:  0x0 0xe65f

0x145b8:  0x14595

0x65c0:  0x6640 0x65db

0xa5c1:  0xa5e2

0x65db:  0x65c0 0x65e9

0x105e0:  0x10548 0x103e0 0x10432

0x145e0:  0x14621 0x14602

0xa5e2:  0xa5e2 0xa61c

0x65e9:  0x6628 0x6608

0x14602:  0x144e0

0x6608:  0x6608 0x6628

0xa61c:  0x9c42

0x14621:  0x21fdc0

0x6628:  0x0

0x6640:  0x66a0 0x65db 0x6656

0xc640:  0xcbd0 0xc6d1 0xc860 0xcb60

0x6656:  0x66a0 0x6683

0xe65f:  0xe4c6

0xe669:  0xe78a 0xe703 0xe6bc 0xe84d

0x6683:  0x65db

0xa688:  0x9fcb

0x66a0:  0x6683

0xa6a8:  0x9efc

0x146b0:  0x3b80

0xe6bc:  0x0 0xe92d

0xa6be:  0x9ca4

0x146d0:  0x14760 0x1477a 0x147b4

0xc6d1:  0xc6fb

0xc6fb:  0xc710 0xc80f

0xe703:  0xe70c

0xe70c:  0xe7d8 0xe71a

0xc710:  0xc718 0xc72c

0xc718:  0xc718 0xc74a 0xc72c

0xe71a:  0xe858 0xe883 0xe73e

0xa720:  0xa046

0xc72c:  0xc73d

0xc73d:  0xc74a 0xc73d

0xe73e:  0xe6bc

0xc74a:  0xc800 0xc771 0xca36 0xc6fb 0xc80f

0x14760:  0x1477a

0xc771:  0xc780

0x1477a:  0x147b4

0xc780:  0xc7ba

0xe78a:  0xe70c

0x67b0:  0x67d8 0x6857

0x147b4:  0x0

0xc7ba:  0xc890 0xc7e6

0x67d8:  0x67ff

0xe7d8:  0xe7ee

0xc7e6:  0xc7ee

0xe7ee:  0xe71a 0xe80d

0xc7ee:  0xc800 0xc901

0x67ff:  0x6820

0xc800:  0xc710 0xc80f

0xe80d:  0xe828 0xe883

0xc80f:  0xc823

0xa816:  0xa6a8

0x6820:  0x6820 0x21fd78 0x6857

0xc823:  0xc842

0xe828:  0xe71a 0xe883 0xe84d

0x14840:  0x148b0 0x14852

0xc842:  0xc860

0xe84d:  0xe858

0xa84c:  0x9a3d

0x14852:  0x0

0x6857:  0x0

0xe858:  0xe6bc

0xa856:  0xa911 0xa954 0xa8e6 0xaa37

0xc860:  0x0

0xe883:  0xe6bc

0xc890:  0xc8b3

0x148b0:  0x148b0 0x1491a 0x148e8

0xc8b3:  0xcb60 0xc800 0xc7e6 0xc8fe 0xc97c 0xc7ee

0x48c6:  0x4934 0x491c 0x4d36

0xa8e6:  0xa911

0x148e8:  0x0 0x14cd5 0x149c7

0xc8fe:  0xc901

0xc901:  0xc9ca 0xc9dc

0xa911:  0x0 0xaf0f

0x1491a:  0x148e8

0x491c:  0x4934

0xe92d:  0x0 0xe9de 0xe99f

0x4934:  0x4959

0xa954:  0xa911 0xaa25 0xaf0f

0x4959:  0x4980 0x499f

0xc97c:  0xc800 0xcad1 0xc9b0 0xcbfc

0x4980:  0x4980 0x499f

0xe99f:  0x0

0x69a0:  0x0 0x69dd

0x499f:  0x49dc 0x49d5 0x49ff

0xc9b0:  0xc9ca

0x149c7:  0x14a28 0x14a87 0x149fe 0x149c7

0xc9ca:  0xc9dc

0x49d5:  0x49dc

0xc9dc:  0xc860

0x69dd:  0x0

0xe9de:  0xe9f8

0x49dc:  0x4a42 0x49fb 0x49ff

0xe9f8:  0xea24 0xe99f

0x49fb:  0x4a42 0x49ff

0x149fe:  0x14a0c 0x14a87

0x49ff:  0x4a08 0x524d

0x4a08:  0x4a1c

0x14a0c:  0x14a2d

0x4a1c:  0x4a42 0x57e4 0x53c7 0x4a1c 0x524d

0xea24:  0xea3a

0xaa25:  0xaa37

0x14a28:  0x14a2d

0x14a2d:  0x0 0x14cd5

0xca36:  0xc800 0xca36

0xaa37:  0xaaf0 0xaa56

0xea3a:  0xea5a 0xe99f

0x4a42:  0x50e0 0x540a 0x4a56

0x4a56:  0x4ed0 0x4a63

0xaa56:  0xaa60

0xea5a:  0xea6c

0xaa60:  0xaae0 0xad30 0xaac5 0xabe6

0x4a63:  0x4abb 0x5846

0xea6c:  0xea88 0xea99 0xe99f

0x14a87:  0x14b00 0x14b0a 0x14b6c 0x14aef

0xea88:  0xea88 0xea99

0xea99:  0xe99f

0x4abb:  0x4af1 0x4afa

0xaac5:  0xad30 0xaae0 0xaac5

0xcad1:  0xcb19 0xcc32 0xcc3d

0xaae0:  0xaa60

0x14aef:  0x14b0a

0x4af1:  0x4afa

0xaaf0:  0xab21 0xab19

0x4afa:  0x4b14

0x14b00:  0x14b0a

0x14b0a:  0x0 0x14b6c

0x4b14:  0x4f88 0x4b21

0xab19:  0xab21

0xcb19:  0xc800

0x4b21:  0x4b68 0x4b84

0xab21:  0xab35

0xab35:  0xab44

0xab44:  0xaa56

0xcb60:  0xc6d1

0x4b68:  0x4b68 0x4b84

0x14b6c:  0x14a2d

0x4b84:  0x4b92 0x5015

0x4b92:  0x4bdc 0x4c76

0x4ba8:  0x4bd5

0xcbd0:  0xc860

0x4bd5:  0x4bdc

0x4bdc:  0x5803 0x57e4 0x4bd5 0x4c76 0x4ba8

0xabe6:  0xabf6

0xabf6:  0xac08

0xcbfc:  0xc9b0

0xac08:  0xacf4 0xac1f

0xac1f:  0xac2c

0xac2c:  0xac80

0xcc32:  0xcb19

0xcc3d:  0xcb19 0xcc3d

0xec40:  0xec74

0x14c6b:  0x14c6b 0x14cf4 0x14a2d

0xec74:  0xec88

0x4c76:  0x4dc8 0x4c8c 0x4de0

0xac80:  0xacec

0xec88:  0xeca0 0xecba

0x4c8c:  0x4c99

0x4c99:  0x5822 0x4cbe

0xeca0:  0x0 0xecba

0xecba:  0x0

0x4cbe:  0x0 0x5841

0x14cd5:  0x14cf4

0xacec:  0xacf4

0x14cf4:  0x14c6b

0xacf4:  0xa911

0xed10:  0xef79 0xedf5

0xad30:  0xad68 0xad49

0x4d36:  0x4934

0xad49:  0xad68 0xad49 0xaae0

0xcd50:  0xcda0 0xcd8e

0xad68:  0xad82

0x14d70:  0x14de6 0x14deb 0x14dac

0xad82:  0xaae0

0xcd8e:  0xcd93 0xcd8e

0xcd93:  0x0

0xcda0:  0x0

0x14dac:  0x14dc3

0x14dc3:  0x14de6

0x4dc8:  0x4de0

0x4de0:  0x4e00 0x4e0f

0x14de6:  0x14deb

0x14deb:  0x14dac

0xedf5:  0xee09

0x4e00:  0x4e00 0x4e0f

0xee09:  0xee22

0x4e0f:  0x4c8c

0xce10:  0xce20 0xce2c

0x14e20:  0x151a5 0x14e97

0xee22:  0xee38

0xce20:  0xce20 0xce2c

0xce2c:  0xce6a 0xce55

0xee38:  0xf01c 0xee54

0xce4a:  0xce6a 0xce55

0xee54:  0xee74 0xee54

0xce55:  0xce4a 0xce55 0xce6a

0xce6a:  0x0

0xce70:  0xce98 0xce8a

0xee74:  0xeea9 0xeef2 0xf453

0xce8a:  0x0

0x14e97:  0x14ef8 0x14ed0 0x14f57 0x14e97

0xce98:  0x0 0xce98

0xeea9:  0xf4a0 0xeef2

0xcec0:  0x0 0xcf19 0xcf28 0xcef2

0x14ed0:  0x14ede 0x14f57

0x4ed0:  0x4a63

0x14ede:  0x14efd

0xeef2:  0xf070 0xf453 0xf4a0

0xcef2:  0xcef7

0xcef7:  0x0

0x14ef8:  0x14efd

0x14efd:  0x0 0x151a5

0x4f09:  0x4f23

0xaf0f:  0x0 0xaf55 0x6490

0xcf19:  0xcef7

0x4f23:  0x48c6

0xcf28:  0xcf51 0xcef2 0xcf53 0xcf19

0xcf51:  0xcf53

0xcf53:  0x0

0xaf55:  0x0

0x14f57:  0x14fd0 0x14fda 0x1503c 0x14fbf

0x4f65:  0x4f88 0x4faa 0x4f95

0xcf70:  0x0 0xd03c 0x3e70

0xef79:  0xf350 0xefc7

0x4f88:  0x4f65 0x4f95

0x4f95:  0x4f88 0x4faa

0x4faa:  0x4fb8

0xefb2:  0xf568 0xf2f0 0xefc7

0x4fb8:  0x4b21

0x14fbf:  0x14fda

0xefc7:  0xefb2

0x14fd0:  0x14fda

0x14fda:  0x0 0x1503c

0x5015:  0x4b92 0x5056 0x4c76

0xf01c:  0xf070

0x1503c:  0x14efd

0xd03c:  0xd0d0 0x0

0x5056:  0x4bdc

0xf070:  0xf090

0xf090:  0xf212 0xf09a

0xf09a:  0xf0a9 0xf3dd 0xf117

0xf0a9:  0xf0c1 0xf117

0xf0c1:  0xf534 0xf117 0xf10b 0xf0dc

0x70d0:  0x7123 0x71a7

0xd0d0:  0xd118

0xf0dc:  0xf10b 0xf534

0x50e0:  0x50fa 0x5192

0x50fa:  0x5143 0x518b

0xf10b:  0xf117

0xf117:  0xf6d0 0x0

0xd118:  0xd15d

0x711d:  0x7123

0x7123:  0x711d 0x713f

0x512f:  0x5143

0x1513b:  0x1513b 0x151c4 0x14efd

0x713f:  0x72f0 0x0

0x5143:  0x5192 0x518b 0x512f

0xd15d:  0x0

0x518b:  0x5192

0x5192:  0x51e3 0x51c4 0x4a56

0x151a5:  0x151c4

0x71a7:  0x71c6

0x151c4:  0x1513b

0x51c4:  0x51e3 0x4a56

0x71c6:  0x7260 0x71a7

0x51e3:  0x4a56

0xd200:  0x0 0xd264

0xf212:  0xf227

0xf227:  0xf09a 0xf212

0x15240:  0x0 0x1524c

0x1524c:  0x0

0x524d:  0x5652 0x52d3

0x7260:  0x728f

0xd264:  0xd2e0 0xd271

0xd271:  0xd2ce 0xd2bf

0x728f:  0x7260 0x713f

0x152b0:  0x15240

0xd2bf:  0xd2ce

0xd2ce:  0x0

0x152d0:  0x15240

0x52d3:  0x4a42

0xd2e0:  0xd2e0 0xd271

0x72f0:  0x72fd

0xf2f0:  0xf581 0xf306 0xf347

0x72fd:  0x21fed0

0xf306:  0xf30a

0xf30a:  0xf6d0 0xf5ea 0xf347

0x15310:  0x15370

0xf347:  0xf350

0xf350:  0xf380 0xf366

0x7360:  0x73d9

0xf366:  0xf380 0xf6a0 0xf556

0x15370:  0x0

0xf380:  0xf390

0x7388:  0x73c3

0xf390:  0xf390 0xf090

0x133a0:  0x13445 0x1341d 0x13546

0x73c3:  0x73d9

0x53c7:  0x52d3

0x73d9:  0x0 0x72f0 0x73ed

0xf3dd:  0xf0a9 0xf3dd

0x73ed:  0x7388

0x15400:  0x0

0x540a:  0x55f1 0x56a3 0x5478 0x540a 0x551b

0x1341d:  0x13445

0x9420:  0x0

0x15433:  0x0 0x15433

0x13445:  0x13501 0x134bf

0xf453:  0xf070

0x5478:  0x5478 0x540a 0x5495

0x5495:  0x54cd

0xf4a0:  0xf453

0x74a0:  0x757e 0x7673 0x74fd 0x78fe

0x134bf:  0x13501

0x54cd:  0x550f

0x154f0:  0x155d5 0x155a6

0x74fd:  0x7530

0x13501:  0x0

0x550f:  0x551b 0x550f

0x551b:  0x5192

0x7530:  0x755a

0xf534:  0xf117

0x13546:  0x0

0xf556:  0xf090

0x755a:  0x7683 0x757e

0xf568:  0xf350

0x757e:  0x75e0 0x75f1 0x7605 0x75d5 0x75b8

0xf581:  0xf350 0xf30a

0x13590:  0x0

0x155a6:  0x0

0x135b0:  0x0

0x75b8:  0x75b8 0x75d5

0x135d0:  0x0

0x155d5:  0x0 0x155f0

0x75d5:  0x75e0 0x75f1

0x75e0:  0x75f1

0xf5ea:  0xf5ea 0xf347

0x155f0:  0x0 0x155fa

0x55f1:  0x54cd

0x75f1:  0x7605

0x155fa:  0x155f0 0x0

0x7605:  0x0 0x78fe

0x5652:  0x5699 0x5652

0x13660:  0x0

0x7673:  0x7683

0x7683:  0x7860 0x787b 0x75d5 0x76c0

0x5699:  0x56a3

0xf6a0:  0xf6a0 0xf556

0x56a3:  0x55f1 0x540a

0x76c0:  0x76e0 0x7808

0xf6d0:  0xf347

0x76e0:  0x76f0

0x76f0:  0x77c0 0x7750 0x782b 0x775f

0xf720:  0xf74c 0xf795

0xf74c:  0xf75c

0x7750:  0x7750 0x775f

0xf75c:  0xf8c0 0xf824 0xf795 0xf808 0xf7f9

0x775f:  0x7764

0x7764:  0x76f0 0x7770

0x7770:  0x76c0 0x75f1 0x75e0

0x15780:  0x0 0x157db

0x3790:  0x21fc58

0xf795:  0xf990 0x0 0xf934 0xf93d

0x37a0:  0x21fc60

0x37b0:  0x21fc68

0x37c0:  0x21fc70

0x77c0:  0x7764

0x37d0:  0x21fc78

0x157db:  0x0

0x37e0:  0x21fc80

0x57e4:  0x5803

0x37f0:  0x21fc88

0xf7f9:  0xf8c0 0xf7f9 0xf808

0x3800:  0x21fc90

0x5803:  0x5822

0x7808:  0x7770

0xf808:  0xf824

0x5822:  0x5841

0xf824:  0xf795

0x782b:  0x7770

0xd830:  0x0 0xd867

0x3830:  0x21fca8

0x5841:  0x5846

0x5846:  0x0

0x3850:  0x21fcb8

0x3860:  0x21fcc0

0x7860:  0x7870

0xd867:  0x0

0x7870:  0x7860 0x787b

0x3870:  0x21fcc8

0x787b:  0x75e0 0x75f1

0x3880:  0x21fcd0

0xd890:  0xd8b8 0xd91f

0x3890:  0x21fcd8

0x38a0:  0x21fce0

0x38b0:  0x21fce8

0xd8b8:  0xd910 0xd8f9 0xd915

0xf8c0:  0xf808 0xf8ca

0xf8ca:  0xf808

0x38e0:  0x21fd00

0xd8f9:  0xd910 0xd8f9 0xd915

0x78fe:  0x74fd

0x3900:  0x21fd10

0xd910:  0xd915 0xd91f

0x7910:  0x7bf8 0x7983

0x9910:  0x9931 0x998e

0x3910:  0x21fd18

0xd915:  0xd8b8 0xd91f

0xd91f:  0x0

0x3920:  0x21fd20

0x3930:  0x21fd28

0x9931:  0x9955

0xf934:  0xf990 0xf934 0xf93d

0xf93d:  0xf968

0x3940:  0x21fd30

0x3950:  0x21fd38

0xd950:  0xda90 0x0 0xda43 0xd9f9 0xda0c

0x9955:  0x9955 0x998e

0x3960:  0x21fd40

0xf968:  0xf990

0x3970:  0x21fd48

0x13979:  0x0 0x13a05

0x3980:  0x21fd50

0x7983:  0x79ba 0x799a

0x998e:  0x9a78 0x0 0xa84c 0x9a3d

0x3990:  0x21fd58

0xf990:  0xf99a

0x799a:  0x79ba

0xf99a:  0x0

0x39a0:  0x21fd60

0x39b0:  0x21fd68

0x79ba:  0x7a60 0x79da 0x7c1a 0x79d4

0x39c0:  0x21fd70

0x59c0:  0x59ef

0x79d4:  0x79da

0x79da:  0x7a60 0x7c1a

0x39e0:  0x21fd80

0x59ef:  0x5a00 0x5a42

0xd9f9:  0xda90 0xd9f9 0xda0c

0x5a00:  0x5a50 0x0 0x5ae5 0x59ef 0x5a2e 0x5abf

0x13a05:  0x0 0x13979

0xda0c:  0xda2e

0x3a10:  0x21fd98

0xda2e:  0x0

0x5a2e:  0x5a00 0x5a42

0x3a30:  0x21fda8

0x9a3d:  0x9a78 0xa856

0x3a40:  0x21fdb0

0x5a42:  0x5a50 0x5abf

0xda43:  0x0 0xda2e

0x3a50:  0x21fdb8

0x5a50:  0x59ef

0x7a60:  0x7a8d 0x7a7e

0x3a70:  0x21fdc8

0x9a78:  0x9ae1

0x7a7e:  0x7a8d

0x3a80:  0x21fdd0

0x7a8d:  0x7ae0 0x7ad8

0xda90:  0x0

0x3a90:  0x21fdd8

0xdaa0:  0xdb10 0xdb15

0x3aa0:  0x21fde0

0x3ab0:  0x21fde8

0xfab0:  0xfb30 0xfad4 0xfadd

0x5abf:  0x0

0x3ac0:  0x21fdf0

0x3ad0:  0x21fdf8

0xfad4:  0xfb30 0xfad4 0xfadd

0x7ad8:  0x7ae0

0xfadd:  0xfb08

0x3ae0:  0x21fe00

0x7ae0:  0x7b30

0x9ae1:  0x9e10 0x9cf0 0x9b13 0xa0ea 0xa31b

0x5ae5:  0x5abf

0x3af0:  0x21fe08

0x3b00:  0x21fe10

0xfb08:  0xfb30

0xdb10:  0xdb15

0x13b10:  0x0 0x13b99

0x3b10:  0x21fe18

0x9b13:  0xa0ea 0x9b1c

0xdb15:  0x0

0x9b1c:  0x9e50 0x9b41 0xa177 0xa6be

0xbb20:  0xbb7a 0xbb72

0x3b20:  0x21fe20

0xdb20:  0xdc18 0xdb48

0x3b30:  0x21fe28

0x7b30:  0x7b45

0xfb30:  0xfb3a

0xfb3a:  0x0

0x3b40:  0x21fe30

0x9b41:  0x9e6a 0x9b5e

0x7b45:  0x0 0x7e27 0x7dcf 0x7d52 0x7f12 0x7dbb 0x7dbf

0xdb48:  0xdc0a 0xdbbb 0xdb7c

0x9b5e:  0xa070 0x9b82

0x3b60:  0x21fe40

0x3b70:  0x21fe48

0xbb72:  0xbb7a

0xbb7a:  0xbf83

0xdb7c:  0xdb7c 0xdbb7

0x3b80:  0x21fe50

0x9b82:  0x9ea0 0x9b9f

0x13b99:  0x13ba0

0x9b9f:  0xa478 0x9bb2

0x13ba0:  0x0 0x13c2c 0x13c27

0x3ba0:  0x21fe60

0x9bb2:  0xa540 0x9bc7

0xdbb7:  0xdbbb

0xdbbb:  0x0 0xdc0a 0xdbfd 0xdbee

0x3bc0:  0x21fe70

0x9bc7:  0x9bde 0x9c4f

0x3bd0:  0x21fe78

0x9bde:  0x9c1a

0x3be0:  0x21fe80

0xdbee:  0xdbfd

0x3bf0:  0x21fe88

0x7bf8:  0x7983

0xdbfd:  0xdc0a

0x3c00:  0x21fe90

0xdc0a:  0xdb48 0xdc18

0x3c10:  0x21fe98

0xdc18:  0x0

0x7c1a:  0x7ae0

0x9c1a:  0x9c58 0x9c35 0x9c7e

0x3c20:  0x21fea0

0x13c27:  0x13c2c

0x13c2c:  0x13ba0

0x3c30:  0x21fea8

0x9c35:  0xa5c1 0x9c42 0xa61c

0x3c40:  0x21feb0

0x9c42:  0x9c4f

0x15c40:  0x15c51 0x15c65

0x5c50:  0x5c90 0x0

0x9c4f:  0x9c70 0x9c58

0x15c51:  0x0

0x9c58:  0x9c70

0x15c65:  0x0

0x9c70:  0x9c7e 0xa1e6

0x3c70:  0x21fec8

0x9c7e:  0x9c8d

0xdc80:  0x0

0x9c8d:  0x9ca4

0x3c90:  0x21fed8

0x5c90:  0x0

0x5ca0:  0x5cd2

0x3ca0:  0x21fee0

0x9ca4:  0x0 0xa84c

0x3cb0:  0x21fee8

0x3cc0:  0x21fef0

0x13cc0:  0x133a0

0x5cd2:  0x5d50 0x0

0x3cd0:  0x21fef8

0x13ce0:  0x133a0

0xfcf0:  0xfd08

0x9cf0:  0x9e10 0x9d20 0x9d44 0x9d84

0x3d00:  0x21ff10

0xfd08:  0xfd08 0x0

0x15d10:  0x0 0x15d20

0x3d10:  0x21ff18

0x15d20:  0x15d20 0x0

0x9d20:  0x9c8d

0x3d30:  0x21ff28

0xfd40:  0xff98 0xfd7a 0xff0a 0x10098 0xfd8e

0x9d44:  0x9e10 0x9d20 0x9d84

0x5d50:  0x5d68 0x5d7b

0x7d52:  0x7d87

0x15d50:  0x15e90 0x16191 0x15dba 0x15e65

0x3d60:  0x21ff40

0x5d68:  0x5d71 0x5d73 0x5d8e

0x5d71:  0x5d73

0x3d70:  0x21ff48

0x5d73:  0x5d68 0x5d7b

0xfd7a:  0xfd8e

0x5d7b:  0x5d8e

0x3d80:  0x21ff50

0x9d84:  0x9e10 0x9c8d

0x7d87:  0x0

0x5d8e:  0x5d50 0x5e68 0x5dae

0xfd8e:  0xfda0 0xfea9

0x3d90:  0x21ff58

0xfda0:  0xfdb0 0xfecb

0x15da0:  0x15dba

0x5dae:  0x5dc1

0xfdb0:  0xfdc3

0x3db0:  0x21ff68

0x15dba:  0x15da0 0x15dec 0x15ddf

0x7dbb:  0x7dbf

0x7dbf:  0x7f12 0x7dcf

0x5dc1:  0x5dd8

0x3dc0:  0x21ff70

0xfdc3:  0xfdd1

0x7dcf:  0x7fa0 0x7def

0x3dd0:  0x21ff78

0xfdd1:  0xfddd

0x5dd8:  0x5dc1 0x5ea7 0x5e68 0x5dd8

0xfddd:  0xfe00 0xfe71 0xfe1f

0x15ddf:  0x15dec

0x3de0:  0x21ff80

0x15dec:  0x0 0x16191

0x7def:  0x816c 0x7e27

0x3df0:  0x21ff88

0xfe00:  0xfe00 0xfe1f

0x3e00:  0x21ff90

0x3e10:  0x21ff98

0x9e10:  0x9b41 0xa31b 0x9b1c 0x9e47

0xfe1f:  0xfe50 0xfe6e

0x3e20:  0x21ffa0

0x7e27:  0x7e31

0x3e30:  0x21ffa8

0x7e31:  0x7d52 0x7e4c

0x9e47:  0x9e50

0x7e4c:  0x7d87

0x3e50:  0x21ffb8

0xfe50:  0xfe50 0xfe6e

0x9e50:  0x9e6a 0x9b5e

0x3e60:  0x21ffc0

0x15e65:  0x15ec9 0x15e76

0x5e68:  0x0 0x5faf

0x9e6a:  0x9ca4 0x9c8d

0xfe6e:  0xfe71

0x3e70:  0x21ffc8

0xfe71:  0x0

0x15e76:  0x15e7d

0x3e78:  0x21ffe8

0x15e7d:  0x15dba

0x3e90:  0x3f78 0x3f62

0xde90:  0xdeb3 0xdecd

0x15e90:  0x15ea8

0x9ea0:  0x9ed0 0xa2e4 0xa29d

0x5ea7:  0x5f4c

0xfea9:  0xfda0 0xfecb 0xfdb0

0x15ea8:  0x15ec9 0x15e76

0xdeb3:  0x0 0xdeb3 0xdecd 0xdecf

0x15ec9:  0x15f61 0x15f04

0xfecb:  0xfdc3

0xdecd:  0xdecf

0xdecf:  0x0

0x9ed0:  0xa4a0 0x9efc

0x9efc:  0x9f11

0x15f04:  0x15f0b

0xff0a:  0xfe71

0x15f0b:  0x15e7d

0x9f11:  0xa55a 0x9f25

0x7f12:  0x80a3 0x7e27 0x8038 0x7def

0x9f25:  0xa478 0x9bb2 0x9f48

0x5f32:  0x5e68 0x5f4c 0x5ea7

0x9f48:  0xa720 0x9f64

0x5f4c:  0x5e68 0x5f32

0x15f61:  0x160ba 0x15f6f

0x3f62:  0x3f78

0x9f64:  0xa688 0x9fb5

0x15f6f:  0x15f7a

0x3f78:  0x403b

0x15f7a:  0x15f61 0x15fc2 0x16109 0x160cd

0xbf83:  0xc024

0xff98:  0xffb6

0x7fa0:  0x7fc0 0x7ff1

0x5faf:  0x5fc2

0x9fb5:  0x9fcb

0xffb6:  0xff98 0xfff0 0x10098

0x5fc2:  0x0

0x7fc0:  0x7fe8 0x7e31

0x15fc2:  0x16000 0x15fc2

0x9fcb:  0xa720 0x9fe4

0x11fd0:  0x12090 0x0 0x12037

0x9fe4:  0xa046 0x9ff6

0x7fe8:  0x7fc0 0x7ff1

0xfff0:  0x1002e 0xfe71 0xfd8e 0x1004f

0x7ff1:  0x7e27

0x9ff6:  0xa040 0xa046

