0x16000:
then:
	0x16000
else:
	0x16068

0xc024:
then:
	0xc030
	0xc024
else:
	0xc030

0x1002e:
then:
	0x10047
else:
	0x10047

0xc030:
then:
	0xc191
	0xc153
else:
	0xc191
	0xc09a

0x12037:
	0x0

0x8038:
then:
	0x8041
	0x7e27
else:
	0x8041

0x403b:
then:
	0x4063
else:
	0x4063

0xa040:
	0xa046

0x8041:
then:
	0x8100
else:
	0x8100
	0x7e27

0xa046:
then:
	0xa485
else:
	0x9bb2

0x10047:
then:
	0x1002e
	0x1004f
else:
	0x1004f

0x1004f:
	0xfd8e

0x4063:
then:
	0x4092
else:
	0x4092

0x16068:
then:
	0x15f0b
else:
	0x160ba
	0x15f6f

0xa070:
then:
	0x9b82
else:
	0xa0c2
	0x9b82

0x6090:
then:
	0x0
else:
	0x21ff60

0x4092:
then:
	0x40d7
else:
	0x40d7

0x12090:
	0x0

0x10098:
then:
	0xfea9
else:
	0xfff0

0xc09a:
	0xc0db

0x80a3:
then:
	0x80c0
else:
	0x80c0
	0x7e27

0x160ba:
then:
	0x15f7a
else:
	0x160cd

0x80c0:
then:
	0x7e27
else:
	0x7e27

0xa0c2:
	0x9b82

0x160cd:
then:
	0x15f04
else:
	0x15f0b

0x40d7:
then:
	0x4f09
	0x4f23
	0x48c6
else:
	0x0
	0x5699

0xc0db:
	0xbb72

0x60e0:
then:
	0x610d
else:
	0x60f0

0xa0ea:
then:
	0x9b1c
else:
	0x9b1c

0x60f0:
then:
	0x60f0
else:
	0x610d

0xe100:
then:
	0xe1fa
else:
	0xe1f0
	0xe231
	0xe178
	0xe27b

0x8100:
then:
	0x8120
else:
	0x8120
	0x7e27

0x16100:
then:
	0x16130
else:
	0x16130
	0x16109

0x16109:
then:
	0x16100
else:
	0x16100

0x610d:
	0x0

0x8120:
then:
	0x7fa0
else:
	0x7fa0
	0x7e27

0x16130:
then:
	0x160cd
else:
	0x15f61

0xc153:
	0xc0db

0x12160:
then:
	0x133a0
else:
	0x0

0x816c:
	0x7e27

0xa177:
then:
	0x9b5e
else:
	0xa6be

0xe178:
then:
	0xe196
else:
	0xe196

0x6190:
then:
	0x61d7
else:
	0x61d7

0xc191:
	0xc09a

0x16191:
	0x15ea8

0xe196:
then:
	0xe1f0
else:
	0xe1f0
	0xe1fa

0x161a0:
then:
	0x16207
else:
	0x161bc
	0x16204

0x161bc:
then:
	0x16204
else:
	0x161e0

0xc1c0:
	0xc200

0x61d7:
then:
	0x6237
else:
	0x0

0x161e0:
	0x0

0xa1e6:
then:
	0xa468
	0x9c7e
else:
	0xa240

0xe1f0:
	0xe1fa

0xe1fa:
	0x0

0xc200:
then:
	0xc24b
else:
	0xc210

0x16204:
	0x16207

0x16207:
	0x21fd08

0x1020b:
	0x10212

0x10212:
then:
	0x102dd
else:
	0x1021b

0xc210:
then:
	0xc24b
	0xc226
else:
	0xc226

0x1021b:
then:
	0x10231
	0x1020b
else:
	0x10231
	0x1020b

0x16220:
then:
	0x1623a
else:
	0x3c10
	0x1623a

0xc226:
then:
	0xc24b
else:
	0xc200
	0xc210
	0xc24b

0xe231:
	0xe23a

0x10231:
	0x10260

0x6237:
then:
	0x62dc
else:
	0x62dc
	0x625f

0xe23a:
then:
	0xe1f0
else:
	0xe178

0x1623a:
	0x3c10

0xa240:
then:
	0xa275
else:
	0xa275

0xc24b:
	0x0

0x10251:
then:
	0x10212
else:
	0x10260

0x625f:
then:
	0x628e
else:
	0x6266

0x10260:
then:
	0x102d8
	0x1020b
else:
	0x10360
	0x10251
	0x10212
	0x102d8

0x16260:
then:
	0x162b2
	0x1626a
else:
	0x1626a

0x6266:
then:
	0x6273
else:
	0x6273
	0x625f

0x1626a:
	0x21ff30

0x6273:
then:
	0x625f
else:
	0x628e
	0x6266

0xa275:
then:
	0x9c7e
else:
	0xa468

0xe27b:
	0xe23a

0x628e:
	0x0

0xa29d:
then:
	0xa2c3
else:
	0xa2c3
	0xa2ce

0x162b2:
	0x0

0xc2c0:
then:
	0xc3ad
else:
	0xc357

0xa2c3:
	0xa2ce

0xa2ce:
then:
	0xa55a
else:
	0xa2e4

0x102d8:
	0x102dd

0x62dc:
	0x641b
	0x6476
	0x630e

0x102dd:
then:
	0x10330
	0x1021b
	0x102dd
else:
	0x0

0xa2e4:
then:
	0xa4a0
else:
	0x9b9f

0x630e:
then:
	0x6342
else:
	0x6330

0xa31b:
then:
	0xa381
	0xa3bd
else:
	0xa381

0x6330:
then:
	0x6330
else:
	0x6342

0x10330:
then:
	0x10349
else:
	0x102d8
	0x10349
	0x10354

0x16340:
then:
	0x3d70
else:
	0x3d70

0x6342:
then:
	0x63fc
else:
	0x6390
	0x6476
	0x63a3
	0x63be

0xc347:
then:
	0xc398
else:
	0xc357

0x10349:
then:
	0x102dd
else:
	0x10354

0xe350:
then:
	0xe3b3
else:
	0xe378
	0xe3b3
	0xe3ec

0x10354:
then:
	0x10330
else:
	0x102dd

0xc357:
then:
	0xc347
else:
	0xc398
	0xc3ad
	0xc347
	0xc357

0x10360:
	0x102dd

0xe378:
then:
	0xe3a6
else:
	0xe393

0xa381:
	0xa39b

0x6390:
then:
	0x6390
else:
	0x63a3

0xe393:
then:
	0xe393
else:
	0xe3a6

0xc398:
	0xc3ad

0xa39b:
then:
	0xa39b
else:
	0xa3bd

0x63a3:
	0x63be

0xe3a6:
then:
	0xe378
else:
	0xe3b3

0xc3ad:
	0x0

0xe3b3:
then:
	0xe3ec
else:
	0xe3c0

0xa3bd:
then:
	0xa3e2
else:
	0xa3d0

0x63be:
	0x63fc

0xe3c0:
then:
	0xe3e1
else:
	0xe3d0

0xe3d0:
then:
	0xe3d0
else:
	0xe3e1

0xa3d0:
then:
	0xa3d0
else:
	0xa3e2

0x103e0:
	0x0

0xe3e1:
then:
	0xe3c0
else:
	0xe3ec

0xa3e2:
	0x9b13

0xc3e0:
then:
	0xc406
else:
	0xc406

0xe3ec:
then:
	0xe411
else:
	0xe400

0x63fc:
	0x0

0xe400:
then:
	0xe400
else:
	0xe411

0xc406:
	0x21ff20

0xe411:
	0x3e70

0x641b:
then:
	0x6490
else:
	0x630e

0xe430:
then:
	0xe4a8
else:
	0xe469

0x10432:
	0x10450

0x10450:
then:
	0x10484
else:
	0x10460

0x10460:
then:
	0x3b80
else:
	0x10460
	0x10484

0xa468:
	0x9c7e

0xe469:
then:
	0xe5b0
else:
	0xe4a8

0x6476:
	0x641b

0xa478:
then:
	0x9f48
else:
	0xa485

0x14480:
then:
	0x14493
else:
	0x14480
	0x144bb
	0x14493

0x10484:
then:
	0x103e0
else:
	0x10450

0xa485:
	0x9bc7

0x6490:
	0x21feb8

0x14493:
	0x0

0xa4a0:
then:
	0xa6a8
else:
	0xa6a8
	0x9f11
	0xa816

0xe4a8:
then:
	0xe65f
else:
	0xe4c6

0x144bb:
	0x14480

0xe4c6:
then:
	0xe5b0
else:
	0xe5b0
	0xe669
	0xe5b2

0x144e0:
then:
	0x144ee
else:
	0x0
	0x144ee

0x144ee:
then:
	0x14500
else:
	0x144e0
	0x14500
	0x1453b

0x14500:
	0x0

0x1453b:
then:
	0x145b8
	0x14595
else:
	0x1457a
	0x145ab

0xa540:
	0x9bc7

0x10548:
then:
	0x1057d
else:
	0x10558

0x10558:
then:
	0x105af
else:
	0x10558
	0x1057d

0xa55a:
	0x9f25

0x6570:
then:
	0x65a0
else:
	0x65a0

0x1457a:
	0x144e0

0x1057d:
then:
	0x105af
else:
	0x10548

0x14595:
then:
	0x145ab
else:
	0x1457a
	0x145ab

0x65a0:
then:
	0x65e9
else:
	0x65c0

0x145ab:
	0x145b8

0x105af:
	0x10432

0xe5b0:
	0xe5b2

0xe5b2:
then:
	0xe65f
else:
	0x0

0x145b8:
	0x14595

0x65c0:
then:
	0x6640
else:
	0x6640
	0x65db

0xa5c1:
	0xa5e2

0x65db:
then:
	0x65c0
else:
	0x65e9

0x105e0:
	0x10548
	0x103e0
	0x10432

0x145e0:
then:
	0x14621
	0x14602
else:
	0x14621
	0x14602

0xa5e2:
then:
	0xa5e2
else:
	0xa61c

0x65e9:
then:
	0x6628
else:
	0x6608

0x14602:
	0x144e0

0x6608:
then:
	0x6608
else:
	0x6628

0xa61c:
then:
	0x9c42
else:
	0x9c42

0x14621:
	0x21fdc0

0x6628:
	0x0

0x6640:
then:
	0x66a0
else:
	0x65db
	0x6656

0xc640:
then:
	0xcbd0
else:
	0xcbd0
	0xc6d1
	0xc860
	0xcb60

0x6656:
then:
	0x66a0
else:
	0x6683

0xe65f:
	0xe4c6

0xe669:
	0xe78a
	0xe703
	0xe6bc
	0xe84d

0x6683:
then:
	0x65db
else:
	0x65db

0xa688:
	0x9fcb

0x66a0:
	0x6683

0xa6a8:
	0x9efc

0x146b0:
	0x3b80

0xe6bc:
then:
	0xe92d
else:
	0x0

0xa6be:
	0x9ca4

0x146d0:
	0x14760
	0x1477a
	0x147b4

0xc6d1:
	0xc6fb

0xc6fb:
then:
	0xc80f
else:
	0xc710

0xe703:
	0xe70c

0xe70c:
then:
	0xe7d8
else:
	0xe71a

0xc710:
then:
	0xc72c
else:
	0xc718

0xc718:
then:
	0xc718
else:
	0xc74a
	0xc72c

0xe71a:
then:
	0xe858
else:
	0xe883
	0xe73e

0xa720:
	0xa046

0xc72c:
	0xc73d

0xc73d:
then:
	0xc74a
	0xc73d
else:
	0xc74a

0xe73e:
	0xe6bc

0xc74a:
then:
	0xc80f
else:
	0xc800
	0xc771
	0xca36
	0xc6fb

0x14760:
	0x1477a

0xc771:
then:
	0xc780
else:
	0xc780

0x1477a:
	0x147b4

0xc780:
then:
	0xc7ba
else:
	0xc7ba

0xe78a:
	0xe70c

0x67b0:
then:
	0x6857
else:
	0x67d8

0x147b4:
then:
	0x0
else:
	0x0

0xc7ba:
then:
	0xc890
else:
	0xc890
	0xc7e6

0x67d8:
then:
	0x67ff
else:
	0x67ff

0xe7d8:
then:
	0xe7ee
else:
	0xe7ee

0xc7e6:
	0xc7ee

0xe7ee:
then:
	0xe71a
else:
	0xe80d

0xc7ee:
then:
	0xc800
else:
	0xc800
	0xc901

0x67ff:
	0x6820

0xc800:
then:
	0xc710
else:
	0xc80f

0xe80d:
then:
	0xe883
else:
	0xe828

0xc80f:
then:
	0xc823
else:
	0xc823

0xa816:
	0xa6a8

0x6820:
then:
	0x6820
else:
	0x21fd78
	0x6857

0xc823:
then:
	0xc842
else:
	0xc842

0xe828:
then:
	0xe883
else:
	0xe71a
	0xe84d

0x14840:
then:
	0x148b0
	0x14852
else:
	0x14852

0xc842:
then:
	0xc860
else:
	0xc860

0xe84d:
	0xe858

0xa84c:
	0x9a3d

0x14852:
	0x0

0x6857:
	0x0

0xe858:
	0xe6bc

0xa856:
	0xa911
	0xa954
	0xa8e6
	0xaa37

0xc860:
then:
	0x0
else:
	0x0

0xe883:
	0xe6bc

0xc890:
then:
	0xc8b3
else:
	0xc8b3

0x148b0:
then:
	0x148b0
	0x1491a
else:
	0x148b0
	0x148e8

0xc8b3:
then:
	0xcb60
	0xc800
	0xc97c
	0xc7ee
else:
	0xc800
	0xc7e6
	0xc8fe

0x48c6:
then:
	0x4d36
else:
	0x4934
	0x491c
	0x4d36

0xa8e6:
	0xa911

0x148e8:
then:
	0x14cd5
	0x149c7
else:
	0x0

0xc8fe:
	0xc901

0xc901:
then:
	0xc9dc
else:
	0xc9ca

0xa911:
then:
	0xaf0f
else:
	0x0

0x1491a:
	0x148e8

0x491c:
	0x4934

0xe92d:
then:
	0xe9de
	0xe99f
else:
	0x0

0x4934:
then:
	0x4959
else:
	0x4959

0xa954:
then:
	0xaf0f
else:
	0xa911
	0xaa25

0x4959:
then:
	0x499f
else:
	0x4980
	0x499f

0xc97c:
then:
	0xc800
	0xcad1
	0xcbfc
else:
	0xc800
	0xc9b0

0x4980:
then:
	0x4980
else:
	0x499f

0xe99f:
then:
	0x0
else:
	0x0

0x69a0:
then:
	0x0
	0x69dd
else:
	0x69dd

0x499f:
then:
	0x49dc
else:
	0x49d5
	0x49ff

0xc9b0:
	0xc9ca

0x149c7:
then:
	0x149c7
else:
	0x14a28
	0x149fe
	0x14a87

0xc9ca:
	0xc9dc

0x49d5:
	0x49dc

0xc9dc:
	0xc860

0x69dd:
	0x0

0xe9de:
then:
	0xe9f8
else:
	0xe9f8

0x49dc:
then:
	0x49fb
else:
	0x4a42
	0x49fb
	0x49ff

0xe9f8:
then:
	0xe99f
else:
	0xea24

0x49fb:
then:
	0x4a42
else:
	0x49ff

0x149fe:
then:
	0x14a0c
else:
	0x14a0c
	0x14a87

0x49ff:
then:
	0x4a08
	0x524d
else:
	0x4a08

0x4a08:
	0x4a1c

0x14a0c:
	0x14a2d

0x4a1c:
then:
	0x57e4
	0x524d
	0x53c7
else:
	0x4a42
	0x4a1c

0xea24:
then:
	0xea3a
else:
	0xea3a

0xaa25:
	0xaa37

0x14a28:
	0x14a2d

0x14a2d:
then:
	0x14cd5
else:
	0x0

0xca36:
then:
	0xc800
else:
	0xc800
	0xca36

0xaa37:
then:
	0xaaf0
else:
	0xaaf0
	0xaa56

0xea3a:
then:
	0xe99f
else:
	0xea5a

0x4a42:
then:
	0x50e0
	0x540a
else:
	0x4a56

0x4a56:
then:
	0x4ed0
else:
	0x4a63

0xaa56:
	0xaa60

0xea5a:
then:
	0xea6c
else:
	0xea6c

0xaa60:
then:
	0xaae0
	0xabe6
else:
	0xad30
	0xaae0
	0xaac5

0x4a63:
then:
	0x4abb
else:
	0x4abb
	0x5846

0xea6c:
then:
	0xe99f
else:
	0xea88
	0xea99

0x14a87:
then:
	0x14b6c
else:
	0x14b00
	0x14b0a
	0x14aef

0xea88:
then:
	0xea88
else:
	0xea99

0xea99:
	0xe99f

0x4abb:
then:
	0x4af1
else:
	0x4af1
	0x4afa

0xaac5:
then:
	0xad30
	0xaac5
else:
	0xaae0

0xcad1:
then:
	0xcb19
else:
	0xcb19
	0xcc32
	0xcc3d

0xaae0:
	0xaa60

0x14aef:
	0x14b0a

0x4af1:
	0x4afa

0xaaf0:
then:
	0xab21
else:
	0xab19

0x4afa:
then:
	0x4b14
else:
	0x4b14

0x14b00:
	0x14b0a

0x14b0a:
then:
	0x14b6c
else:
	0x0

0x4b14:
then:
	0x4f88
else:
	0x4b21

0xab19:
	0xab21

0xcb19:
	0xc800

0x4b21:
then:
	0x4b84
else:
	0x4b68

0xab21:
then:
	0xab35
else:
	0xab35

0xab35:
then:
	0xab44
else:
	0xab44

0xab44:
	0xaa56

0xcb60:
	0xc6d1

0x4b68:
then:
	0x4b68
else:
	0x4b84

0x14b6c:
	0x14a2d

0x4b84:
then:
	0x5015
else:
	0x4b92

0x4b92:
then:
	0x4bdc
else:
	0x4bdc
	0x4c76

0x4ba8:
	0x4bd5

0xcbd0:
	0xc860

0x4bd5:
	0x4bdc

0x4bdc:
then:
	0x4c76
else:
	0x5803
	0x57e4
	0x4bd5
	0x4ba8

0xabe6:
then:
	0xabf6
else:
	0xabf6

0xabf6:
then:
	0xac08
else:
	0xac08

0xcbfc:
	0xc9b0

0xac08:
then:
	0xac1f
else:
	0xacf4
	0xac1f

0xac1f:
then:
	0xac2c
else:
	0xac2c

0xac2c:
then:
	0xac80
else:
	0xac80

0xcc32:
	0xcb19

0xcc3d:
then:
	0xcb19
else:
	0xcb19
	0xcc3d

0xec40:
then:
	0xec74
else:
	0xec74

0x14c6b:
then:
	0x14c6b
	0x14cf4
else:
	0x14a2d

0xec74:
then:
	0xec88
else:
	0xec88

0x4c76:
then:
	0x4c8c
else:
	0x4dc8
	0x4c8c
	0x4de0

0xac80:
then:
	0xacec
else:
	0xacec

0xec88:
then:
	0xecba
else:
	0xeca0
	0xecba

0x4c8c:
then:
	0x4c99
else:
	0x4c99

0x4c99:
then:
	0x4cbe
else:
	0x5822
	0x4cbe

0xeca0:
then:
	0x0
else:
	0xecba

0xecba:
	0x0

0x4cbe:
then:
	0x5841
else:
	0x0

0x14cd5:
	0x14cf4

0xacec:
	0xacf4

0x14cf4:
	0x14c6b

0xacf4:
then:
	0xa911
else:
	0xa911

0xed10:
then:
	0xef79
	0xedf5
else:
	0xef79
	0xedf5

0xad30:
then:
	0xad49
else:
	0xad68

0x4d36:
	0x4934

0xad49:
then:
	0xad68
	0xad49
else:
	0xaae0

0xcd50:
then:
	0xcda0
else:
	0xcda0
	0xcd8e

0xad68:
then:
	0xad82
else:
	0xad82

0x14d70:
then:
	0x14dac
	0x14de6
else:
	0x14deb
	0x14dac
	0x14de6

0xad82:
then:
	0xaae0
else:
	0xaae0

0xcd8e:
then:
	0xcd93
	0xcd8e
else:
	0xcd93

0xcd93:
	0x0

0xcda0:
	0x0

0x14dac:
then:
	0x14dc3
else:
	0x14dc3

0x14dc3:
	0x14de6

0x4dc8:
	0x4de0

0x4de0:
then:
	0x4e0f
else:
	0x4e00

0x14de6:
	0x14deb

0x14deb:
	0x14dac

0xedf5:
then:
	0xee09
else:
	0xee09

0x4e00:
then:
	0x4e00
else:
	0x4e0f

0xee09:
then:
	0xee22
else:
	0xee22

0x4e0f:
then:
	0x4c8c
else:
	0x4c8c

0xce10:
then:
	0xce2c
else:
	0xce20

0x14e20:
then:
	0x151a5
else:
	0x14e97

0xee22:
then:
	0xee38
else:
	0xee38

0xce20:
then:
	0xce20
else:
	0xce2c

0xce2c:
then:
	0xce6a
else:
	0xce55

0xee38:
then:
	0xf01c
else:
	0xee54

0xce4a:
then:
	0xce6a
else:
	0xce55

0xee54:
then:
	0xee74
else:
	0xee74
	0xee54

0xce55:
then:
	0xce4a
else:
	0xce6a
	0xce55

0xce6a:
	0x0

0xce70:
then:
	0xce8a
else:
	0xce98
	0xce8a

0xee74:
then:
	0xeef2
	0xf453
else:
	0xeea9

0xce8a:
	0x0

0x14e97:
then:
	0x14e97
else:
	0x14ef8
	0x14f57
	0x14ed0

0xce98:
then:
	0x0
else:
	0xce98
	0x0

0xeea9:
then:
	0xf4a0
else:
	0xeef2

0xcec0:
then:
	0x0
else:
	0xcf28
	0xcf19
	0xcef2

0x14ed0:
then:
	0x14ede
else:
	0x14ede
	0x14f57

0x4ed0:
	0x4a63

0x14ede:
	0x14efd

0xeef2:
then:
	0xf070
else:
	0xf070
	0xf453
	0xf4a0

0xcef2:
	0xcef7

0xcef7:
	0x0

0x14ef8:
	0x14efd

0x14efd:
then:
	0x151a5
else:
	0x0

0x4f09:
	0x4f23

0xaf0f:
then:
	0x0
else:
	0x6490
	0xaf55

0xcf19:
	0xcef7

0x4f23:
then:
	0x48c6
else:
	0x48c6

0xcf28:
then:
	0xcf51
else:
	0xcf51
	0xcf19
	0xcef2
	0xcf53

0xcf51:
	0xcf53

0xcf53:
	0x0

0xaf55:
	0x0

0x14f57:
then:
	0x1503c
else:
	0x14fd0
	0x14fda
	0x14fbf

0x4f65:
then:
	0x4f95
else:
	0x4f88
	0x4faa
	0x4f95

0xcf70:
then:
	0x0
else:
	0x0
	0xd03c
	0x3e70

0xef79:
then:
	0xf350
else:
	0xf350
	0xefc7

0x4f88:
then:
	0x4f65
	0x4f95
else:
	0x4f65
	0x4f95

0x4f95:
then:
	0x4f88
else:
	0x4faa

0x4faa:
then:
	0x4fb8
else:
	0x4fb8

0xefb2:
then:
	0xf568
	0xf2f0
else:
	0xf568
	0xefc7

0x4fb8:
	0x4b21

0x14fbf:
	0x14fda

0xefc7:
then:
	0xefb2
else:
	0xefb2

0x14fd0:
	0x14fda

0x14fda:
then:
	0x1503c
else:
	0x0

0x5015:
then:
	0x4b92
else:
	0x5056
	0x4c76

0xf01c:
	0xf070

0x1503c:
	0x14efd

0xd03c:
then:
	0xd0d0
else:
	0x0

0x5056:
	0x4bdc

0xf070:
	0xf090

0xf090:
then:
	0xf212
else:
	0xf09a

0xf09a:
then:
	0xf117
else:
	0xf0a9
	0xf3dd

0xf0a9:
then:
	0xf117
else:
	0xf0c1

0xf0c1:
then:
	0xf10b
	0xf117
else:
	0xf10b
	0xf0dc
	0xf534

0x70d0:
then:
	0x71a7
else:
	0x7123

0xd0d0:
then:
	0xd118
else:
	0xd118

0xf0dc:
then:
	0xf534
else:
	0xf10b

0x50e0:
then:
	0x50fa
else:
	0x5192
	0x50fa

0x50fa:
then:
	0x518b
else:
	0x5143
	0x518b

0xf10b:
	0xf117

0xf117:
then:
	0xf6d0
else:
	0x0

0xd118:
then:
	0xd15d
else:
	0xd15d

0x711d:
	0x7123

0x7123:
then:
	0x711d
	0x713f
else:
	0x711d
	0x713f

0x512f:
	0x5143

0x1513b:
then:
	0x1513b
	0x151c4
else:
	0x14efd

0x713f:
then:
	0x72f0
else:
	0x0

0x5143:
then:
	0x518b
else:
	0x5192
	0x512f

0xd15d:
then:
	0x0
else:
	0x0

0x518b:
	0x5192

0x5192:
then:
	0x4a56
else:
	0x51e3
	0x51c4

0x151a5:
	0x151c4

0x71a7:
then:
	0x71c6
else:
	0x71c6

0x151c4:
	0x1513b

0x51c4:
then:
	0x4a56
else:
	0x51e3
	0x4a56

0x71c6:
then:
	0x71a7
else:
	0x7260

0x51e3:
	0x4a56

0xd200:
then:
	0xd264
else:
	0x0

0xf212:
then:
	0xf227
else:
	0xf227

0xf227:
then:
	0xf09a
	0xf212
else:
	0xf09a

0x15240:
then:
	0x0
else:
	0x0
	0x1524c

0x1524c:
	0x0

0x524d:
then:
	0x5652
else:
	0x52d3

0x7260:
then:
	0x728f
else:
	0x728f

0xd264:
then:
	0xd2e0
else:
	0xd271

0xd271:
then:
	0xd2ce
else:
	0xd2bf

0x728f:
then:
	0x7260
else:
	0x713f

0x152b0:
	0x15240

0xd2bf:
	0xd2ce

0xd2ce:
	0x0

0x152d0:
	0x15240

0x52d3:
	0x4a42

0xd2e0:
then:
	0xd271
else:
	0xd2e0

0x72f0:
then:
	0x72fd
else:
	0x72fd

0xf2f0:
then:
	0xf581
	0xf306
else:
	0xf581
	0xf306
	0xf347

0x72fd:
	0x21fed0

0xf306:
	0xf30a

0xf30a:
then:
	0xf5ea
	0xf347
else:
	0xf6d0
	0xf347

0x15310:
then:
	0x15370
else:
	0x15370

0xf347:
	0xf350

0xf350:
then:
	0xf380
	0xf366
else:
	0xf380
	0xf366

0x7360:
	0x73d9

0xf366:
then:
	0xf380
else:
	0xf380
	0xf556
	0xf6a0

0x15370:
then:
	0x0
else:
	0x0

0xf380:
	0xf390

0x7388:
then:
	0x73c3
else:
	0x73c3

0xf390:
then:
	0xf390
else:
	0xf090

0x133a0:
then:
	0x13546
else:
	0x1341d
	0x13445
	0x13546

0x73c3:
	0x73d9

0x53c7:
	0x52d3

0x73d9:
then:
	0x73ed
else:
	0x0
	0x73ed
	0x72f0

0xf3dd:
then:
	0xf0a9
else:
	0xf0a9
	0xf3dd

0x73ed:
then:
	0x7388
else:
	0x7388

0x15400:
then:
	0x0
else:
	0x0

0x540a:
then:
	0x55f1
	0x56a3
else:
	0x5478
	0x55f1
	0x540a
	0x551b

0x1341d:
	0x13445

0x9420:
then:
	0x0
else:
	0x0

0x15433:
then:
	0x15433
else:
	0x0

0x13445:
then:
	0x13501
else:
	0x134bf

0xf453:
	0xf070

0x5478:
then:
	0x540a
	0x5495
else:
	0x5478
	0x5495

0x5495:
	0x54cd

0xf4a0:
then:
	0xf453
else:
	0xf453

0x74a0:
then:
	0x7673
	0x78fe
else:
	0x74fd
	0x757e

0x134bf:
	0x13501

0x54cd:
	0x550f

0x154f0:
then:
	0x155d5
else:
	0x155d5
	0x155a6

0x74fd:
then:
	0x7530
else:
	0x7530

0x13501:
	0x0

0x550f:
then:
	0x550f
else:
	0x551b

0x551b:
then:
	0x5192
else:
	0x5192

0x7530:
then:
	0x755a
else:
	0x755a

0xf534:
	0xf117

0x13546:
	0x0

0xf556:
	0xf090

0x755a:
then:
	0x757e
else:
	0x7683

0xf568:
	0xf350

0x757e:
then:
	0x75e0
	0x7605
else:
	0x75e0
	0x75f1
	0x75d5
	0x75b8

0xf581:
then:
	0xf350
else:
	0xf30a

0x13590:
	0x0

0x155a6:
	0x0

0x135b0:
	0x0

0x75b8:
then:
	0x75b8
else:
	0x75d5

0x135d0:
	0x0

0x155d5:
then:
	0x0
else:
	0x155f0

0x75d5:
then:
	0x75f1
else:
	0x75e0

0x75e0:
	0x75f1

0xf5ea:
then:
	0xf5ea
else:
	0xf347

0x155f0:
then:
	0x155fa
else:
	0x0
	0x155fa

0x55f1:
	0x54cd

0x75f1:
then:
	0x7605
else:
	0x7605

0x155fa:
then:
	0x155f0
else:
	0x0

0x7605:
then:
	0x78fe
else:
	0x0

0x5652:
then:
	0x5652
else:
	0x5699

0x13660:
	0x0

0x7673:
	0x7683

0x7683:
then:
	0x7860
	0x787b
else:
	0x76c0
	0x75d5

0x5699:
	0x56a3

0xf6a0:
then:
	0xf6a0
else:
	0xf556

0x56a3:
then:
	0x55f1
else:
	0x55f1
	0x540a

0x76c0:
then:
	0x76e0
	0x7808
else:
	0x7808
	0x76e0

0xf6d0:
	0xf347

0x76e0:
	0x76f0

0x76f0:
then:
	0x782b
else:
	0x77c0
	0x782b
	0x7750
	0x775f

0xf720:
then:
	0xf74c
	0xf795
else:
	0xf74c

0xf74c:
then:
	0xf75c
else:
	0xf75c

0x7750:
then:
	0x7750
else:
	0x775f

0xf75c:
then:
	0xf808
	0xf7f9
	0xf824
	0xf8c0
else:
	0xf795

0x775f:
	0x7764

0x7764:
then:
	0x76f0
else:
	0x7770

0x7770:
then:
	0x76c0
else:
	0x75e0
	0x75f1

0x15780:
then:
	0x0
	0x157db
else:
	0x157db

0x3790:
	0x21fc58

0xf795:
then:
	0xf990
	0xf934
	0xf93d
else:
	0x0

0x37a0:
	0x21fc60

0x37b0:
	0x21fc68

0x37c0:
	0x21fc70

0x77c0:
	0x7764

0x37d0:
	0x21fc78

0x157db:
	0x0

0x37e0:
	0x21fc80

0x57e4:
	0x5803

0x37f0:
	0x21fc88

0xf7f9:
then:
	0xf8c0
	0xf7f9
else:
	0xf808

0x3800:
	0x21fc90

0x5803:
	0x5822

0x7808:
	0x7770

0xf808:
	0xf824

0x5822:
	0x5841

0xf824:
then:
	0xf795
else:
	0xf795

0x782b:
	0x7770

0xd830:
then:
	0xd867
else:
	0x0
	0xd867

0x3830:
	0x21fca8

0x5841:
	0x5846

0x5846:
	0x0

0x3850:
	0x21fcb8

0x3860:
	0x21fcc0

0x7860:
then:
	0x7870
else:
	0x7870

0xd867:
	0x0

0x7870:
then:
	0x7860
else:
	0x787b

0x3870:
	0x21fcc8

0x787b:
then:
	0x75f1
else:
	0x75e0

0x3880:
	0x21fcd0

0xd890:
then:
	0xd91f
else:
	0xd8b8

0x3890:
	0x21fcd8

0x38a0:
	0x21fce0

0x38b0:
	0x21fce8

0xd8b8:
then:
	0xd910
else:
	0xd8f9
	0xd915

0xf8c0:
then:
	0xf808
	0xf8ca
else:
	0xf8ca

0xf8ca:
	0xf808

0x38e0:
	0x21fd00

0xd8f9:
then:
	0xd8f9
	0xd915
else:
	0xd910

0x78fe:
	0x74fd

0x3900:
	0x21fd10

0xd910:
then:
	0xd91f
else:
	0xd915

0x7910:
then:
	0x7983
else:
	0x7bf8
	0x7983

0x9910:
then:
	0x9931
	0x998e
else:
	0x9931

0x3910:
	0x21fd18

0xd915:
then:
	0xd8b8
else:
	0xd91f

0xd91f:
	0x0

0x3920:
	0x21fd20

0x3930:
	0x21fd28

0x9931:
	0x9955

0xf934:
then:
	0xf990
	0xf934
else:
	0xf93d

0xf93d:
then:
	0xf968
else:
	0xf968

0x3940:
	0x21fd30

0x3950:
	0x21fd38

0xd950:
then:
	0xda90
	0xd9f9
	0xda43
	0xda0c
else:
	0x0

0x9955:
then:
	0x9955
else:
	0x998e

0x3960:
	0x21fd40

0xf968:
	0xf990

0x3970:
	0x21fd48

0x13979:
then:
	0x13a05
else:
	0x0
	0x13a05

0x3980:
	0x21fd50

0x7983:
then:
	0x79ba
else:
	0x799a

0x998e:
then:
	0x9a78
	0xa84c
	0x9a3d
else:
	0x0

0x3990:
	0x21fd58

0xf990:
then:
	0xf99a
else:
	0xf99a

0x799a:
	0x79ba

0xf99a:
	0x0

0x39a0:
	0x21fd60

0x39b0:
	0x21fd68

0x79ba:
then:
	0x7a60
	0x7c1a
else:
	0x79da
	0x79d4

0x39c0:
	0x21fd70

0x59c0:
	0x59ef

0x79d4:
	0x79da

0x79da:
then:
	0x7c1a
else:
	0x7a60

0x39e0:
	0x21fd80

0x59ef:
then:
	0x5a42
else:
	0x5a00

0xd9f9:
then:
	0xda90
	0xd9f9
	0xda0c
else:
	0xda0c

0x5a00:
then:
	0x5a50
	0x5ae5
else:
	0x0
	0x5a50
	0x5abf
	0x5a2e
	0x59ef

0x13a05:
	0x0
	0x13979

0xda0c:
then:
	0xda2e
else:
	0xda2e

0x3a10:
	0x21fd98

0xda2e:
	0x0

0x5a2e:
then:
	0x5a00
else:
	0x5a42

0x3a30:
	0x21fda8

0x9a3d:
then:
	0xa856
else:
	0x9a78
	0xa856

0x3a40:
	0x21fdb0

0x5a42:
then:
	0x5a50
else:
	0x5abf

0xda43:
then:
	0xda2e
else:
	0x0
	0xda2e

0x3a50:
	0x21fdb8

0x5a50:
	0x59ef

0x7a60:
then:
	0x7a8d
else:
	0x7a7e

0x3a70:
	0x21fdc8

0x9a78:
then:
	0x9ae1
else:
	0x9ae1

0x7a7e:
	0x7a8d

0x3a80:
	0x21fdd0

0x7a8d:
then:
	0x7ae0
else:
	0x7ad8

0xda90:
	0x0

0x3a90:
	0x21fdd8

0xdaa0:
then:
	0xdb15
else:
	0xdb10
	0xdb15

0x3aa0:
	0x21fde0

0x3ab0:
	0x21fde8

0xfab0:
then:
	0xfadd
else:
	0xfb30
	0xfad4

0x5abf:
	0x0

0x3ac0:
	0x21fdf0

0x3ad0:
	0x21fdf8

0xfad4:
then:
	0xfb30
	0xfad4
else:
	0xfadd

0x7ad8:
	0x7ae0

0xfadd:
then:
	0xfb08
else:
	0xfb08

0x3ae0:
	0x21fe00

0x7ae0:
then:
	0x7b30
else:
	0x7b30

0x9ae1:
then:
	0x9e10
	0x9cf0
	0xa0ea
	0xa31b
else:
	0xa31b
	0x9b13

0x5ae5:
	0x5abf

0x3af0:
	0x21fe08

0x3b00:
	0x21fe10

0xfb08:
	0xfb30

0xdb10:
	0xdb15

0x13b10:
then:
	0x13b99
else:
	0x0
	0x13b99

0x3b10:
	0x21fe18

0x9b13:
then:
	0xa0ea
else:
	0x9b1c

0xdb15:
	0x0

0x9b1c:
then:
	0x9e50
else:
	0x9e50
	0x9b41
	0xa177
	0xa6be

0xbb20:
then:
	0xbb7a
else:
	0xbb72

0x3b20:
	0x21fe20

0xdb20:
then:
	0xdc18
else:
	0xdb48

0x3b30:
	0x21fe28

0x7b30:
then:
	0x7b45
else:
	0x7b45

0xfb30:
then:
	0xfb3a
else:
	0xfb3a

0xfb3a:
	0x0

0x3b40:
	0x21fe30

0x9b41:
then:
	0x9e6a
else:
	0x9b5e

0x7b45:
then:
	0x7e27
	0x7dcf
	0x7d52
	0x7f12
	0x7dbb
	0x7dbf
else:
	0x0

0xdb48:
then:
	0xdc0a
else:
	0xdbbb
	0xdb7c

0x9b5e:
then:
	0xa070
else:
	0xa070
	0x9b82

0x3b60:
	0x21fe40

0x3b70:
	0x21fe48

0xbb72:
	0xbb7a

0xbb7a:
then:
	0xbf83
else:
	0xbf83

0xdb7c:
then:
	0xdb7c
	0xdbb7
else:
	0xdb7c
	0xdbb7

0x3b80:
	0x21fe50

0x9b82:
then:
	0x9ea0
else:
	0x9ea0
	0x9b9f

0x13b99:
	0x13ba0

0x9b9f:
then:
	0xa478
else:
	0x9bb2

0x13ba0:
then:
	0x13c27
else:
	0x0
	0x13c2c
	0x13c27

0x3ba0:
	0x21fe60

0x9bb2:
then:
	0xa540
	0x9bc7
else:
	0x9bc7

0xdbb7:
	0xdbbb

0xdbbb:
then:
	0xdc0a
else:
	0x0
	0xdbfd
	0xdbee

0x3bc0:
	0x21fe70

0x9bc7:
then:
	0x9bde
else:
	0x9bde
	0x9c4f

0x3bd0:
	0x21fe78

0x9bde:
then:
	0x9c1a
else:
	0x9c1a

0x3be0:
	0x21fe80

0xdbee:
	0xdbfd

0x3bf0:
	0x21fe88

0x7bf8:
	0x7983

0xdbfd:
	0xdc0a

0x3c00:
	0x21fe90

0xdc0a:
then:
	0xdb48
else:
	0xdc18

0x3c10:
	0x21fe98

0xdc18:
	0x0

0x7c1a:
	0x7ae0

0x9c1a:
then:
	0x9c58
	0x9c7e
else:
	0x9c35

0x3c20:
	0x21fea0

0x13c27:
	0x13c2c

0x13c2c:
	0x13ba0

0x3c30:
	0x21fea8

0x9c35:
then:
	0xa5c1
	0xa61c
else:
	0x9c42

0x3c40:
	0x21feb0

0x9c42:
then:
	0x9c4f
else:
	0x9c4f

0x15c40:
then:
	0x15c65
else:
	0x15c51
	0x15c65

0x5c50:
then:
	0x5c90
else:
	0x0
	0x5c90

0x9c4f:
then:
	0x9c70
else:
	0x9c58

0x15c51:
	0x0

0x9c58:
then:
	0x9c70
else:
	0x9c70

0x15c65:
	0x0

0x9c70:
then:
	0xa1e6
else:
	0x9c7e

0x3c70:
	0x21fec8

0x9c7e:
then:
	0x9c8d
else:
	0x9c8d

0xdc80:
	0x0

0x9c8d:
	0x9ca4

0x3c90:
	0x21fed8

0x5c90:
	0x0

0x5ca0:
then:
	0x5cd2
else:
	0x5cd2

0x3ca0:
	0x21fee0

0x9ca4:
then:
	0xa84c
else:
	0x0

0x3cb0:
	0x21fee8

0x3cc0:
	0x21fef0

0x13cc0:
	0x133a0

0x5cd2:
then:
	0x5d50
else:
	0x0

0x3cd0:
	0x21fef8

0x13ce0:
	0x133a0

0xfcf0:
	0xfd08

0x9cf0:
then:
	0x9e10
	0x9d44
else:
	0x9d20
	0x9d84
	0x9d44

0x3d00:
	0x21ff10

0xfd08:
then:
	0xfd08
else:
	0x0

0x15d10:
then:
	0x0
else:
	0x15d20

0x3d10:
	0x21ff18

0x15d20:
then:
	0x15d20
else:
	0x0

0x9d20:
	0x9c8d

0x3d30:
	0x21ff28

0xfd40:
then:
	0xff98
	0xfd7a
	0xff0a
	0x10098
	0xfd8e
else:
	0xfd7a

0x9d44:
then:
	0x9e10
else:
	0x9e10
	0x9d20
	0x9d84

0x5d50:
then:
	0x5d7b
else:
	0x5d68

0x7d52:
	0x7d87

0x15d50:
then:
	0x15dba
else:
	0x15e90
	0x16191
	0x15e65

0x3d60:
	0x21ff40

0x5d68:
then:
	0x5d71
	0x5d73
	0x5d8e
else:
	0x5d71

0x5d71:
	0x5d73

0x3d70:
	0x21ff48

0x5d73:
then:
	0x5d68
else:
	0x5d7b

0xfd7a:
	0xfd8e

0x5d7b:
	0x5d8e

0x3d80:
	0x21ff50

0x9d84:
then:
	0x9c8d
else:
	0x9e10
	0x9c8d

0x7d87:
	0x0

0x5d8e:
then:
	0x5d50
else:
	0x5e68
	0x5dae

0xfd8e:
then:
	0xfea9
else:
	0xfda0

0x3d90:
	0x21ff58

0xfda0:
then:
	0xfecb
else:
	0xfdb0

0x15da0:
	0x15dba

0x5dae:
	0x5dc1

0xfdb0:
then:
	0xfdc3
else:
	0xfdc3

0x3db0:
	0x21ff68

0x15dba:
then:
	0x15dec
else:
	0x15da0
	0x15ddf

0x7dbb:
	0x7dbf

0x7dbf:
then:
	0x7f12
else:
	0x7dcf

0x5dc1:
	0x5dd8

0x3dc0:
	0x21ff70

0xfdc3:
then:
	0xfdd1
else:
	0xfdd1

0x7dcf:
then:
	0x7fa0
else:
	0x7def

0x3dd0:
	0x21ff78

0xfdd1:
then:
	0xfddd
else:
	0xfddd

0x5dd8:
then:
	0x5e68
else:
	0x5e68
	0x5dc1
	0x5ea7
	0x5dd8

0xfddd:
then:
	0xfe71
else:
	0xfe00
	0xfe1f

0x15ddf:
	0x15dec

0x3de0:
	0x21ff80

0x15dec:
then:
	0x16191
else:
	0x0

0x7def:
then:
	0x816c
else:
	0x816c
	0x7e27

0x3df0:
	0x21ff88

0xfe00:
then:
	0xfe00
else:
	0xfe1f

0x3e00:
	0x21ff90

0x3e10:
	0x21ff98

0x9e10:
then:
	0xa31b
	0x9b1c
else:
	0x9b41
	0x9e47

0xfe1f:
then:
	0xfe6e
else:
	0xfe50
	0xfe6e

0x3e20:
	0x21ffa0

0x7e27:
	0x7e31

0x3e30:
	0x21ffa8

0x7e31:
then:
	0x7e4c
else:
	0x7d52
	0x7e4c

0x9e47:
	0x9e50

0x7e4c:
then:
	0x7d87
else:
	0x7d87

0x3e50:
	0x21ffb8

0xfe50:
then:
	0xfe50
else:
	0xfe6e

0x9e50:
then:
	0x9b5e
else:
	0x9e6a

0x3e60:
	0x21ffc0

0x15e65:
then:
	0x15ec9
else:
	0x15e76

0x5e68:
then:
	0x5faf
else:
	0x0

0x9e6a:
then:
	0x9ca4
else:
	0x9c8d

0xfe6e:
	0xfe71

0x3e70:
	0x21ffc8

0xfe71:
	0x0

0x15e76:
	0x15e7d

0x3e78:
	0x21ffe8

0x15e7d:
	0x15dba

0x3e90:
then:
	0x3f78
else:
	0x3f78
	0x3f62

0xde90:
then:
	0xdecd
else:
	0xdeb3

0x15e90:
	0x15ea8

0x9ea0:
then:
	0xa2e4
else:
	0x9ed0
	0xa29d

0x5ea7:
	0x5f4c

0xfea9:
then:
	0xfda0
else:
	0xfdb0
	0xfecb

0x15ea8:
then:
	0x15e76
else:
	0x15ec9

0xdeb3:
then:
	0xdecf
else:
	0x0
	0xdeb3
	0xdecd

0x15ec9:
then:
	0x15f61
	0x15f04
else:
	0x15f04

0xfecb:
	0xfdc3

0xdecd:
	0xdecf

0xdecf:
	0x0

0x9ed0:
then:
	0xa4a0
else:
	0x9efc

0x9efc:
then:
	0x9f11
else:
	0x9f11

0x15f04:
	0x15f0b

0xff0a:
	0xfe71

0x15f0b:
	0x15e7d

0x9f11:
then:
	0xa55a
else:
	0x9f25

0x7f12:
then:
	0x8038
	0x7e27
else:
	0x80a3
	0x7def
	0x7e27

0x9f25:
then:
	0x9bb2
else:
	0xa478
	0x9f48

0x5f32:
then:
	0x5e68
else:
	0x5e68
	0x5f4c
	0x5ea7

0x9f48:
then:
	0xa720
	0x9f64
else:
	0x9f64

0x5f4c:
then:
	0x5e68
	0x5f32
else:
	0x5f32

0x15f61:
then:
	0x160ba
else:
	0x15f6f

0x3f62:
	0x3f78

0x9f64:
then:
	0xa688
else:
	0xa688
	0x9fb5

0x15f6f:
	0x15f7a

0x3f78:
then:
	0x403b
else:
	0x403b

0x15f7a:
then:
	0x15f61
else:
	0x15f61
	0x15fc2
	0x160cd
	0x16109

0xbf83:
	0xc024

0xff98:
then:
	0xffb6
else:
	0xffb6

0x7fa0:
then:
	0x7ff1
else:
	0x7fc0

0x5faf:
then:
	0x5fc2
else:
	0x5fc2

0x9fb5:
	0x9fcb

0xffb6:
then:
	0xff98
else:
	0x10098
	0xfff0

0x5fc2:
	0x0

0x7fc0:
then:
	0x7fe8
else:
	0x7fe8
	0x7e31

0x15fc2:
then:
	0x15fc2
else:
	0x16000

0x9fcb:
then:
	0xa720
else:
	0x9fe4

0x11fd0:
then:
	0x12090
	0x0
else:
	0x12037

0x9fe4:
then:
	0x9ff6
else:
	0x9ff6
	0xa046

0x7fe8:
then:
	0x7fc0
else:
	0x7ff1

0xfff0:
then:
	0xfe71
	0xfd8e
else:
	0x1002e
	0x1004f

0x7ff1:
	0x7e27

0x9ff6:
then:
	0xa046
else:
	0xa040
	0xa046

